<<<<<<< HEAD
c:\users\bon-itx\desktop\fit2096 - assignment 1\fit2049 - week 4\debug\vc140.pdb
c:\users\bon-itx\desktop\fit2096 - assignment 1\fit2049 - week 4\debug\vc140.idb
c:\users\bon-itx\desktop\fit2096 - assignment 1\fit2049 - week 4\debug\camera.obj
c:\users\bon-itx\desktop\fit2096 - assignment 1\fit2049 - week 4\debug\direct3d.obj
c:\users\bon-itx\desktop\fit2096 - assignment 1\fit2049 - week 4\debug\game.obj
c:\users\bon-itx\desktop\fit2096 - assignment 1\fit2049 - week 4\debug\gameobject.obj
c:\users\bon-itx\desktop\fit2096 - assignment 1\fit2049 - week 4\debug\inputcontroller.obj
c:\users\bon-itx\desktop\fit2096 - assignment 1\fit2049 - week 4\debug\main.obj
c:\users\bon-itx\desktop\fit2096 - assignment 1\fit2049 - week 4\debug\mesh.obj
c:\users\bon-itx\desktop\fit2096 - assignment 1\fit2049 - week 4\debug\meshmanager.obj
c:\users\bon-itx\desktop\fit2096 - assignment 1\fit2049 - week 4\debug\shader.obj
c:\users\bon-itx\desktop\fit2096 - assignment 1\fit2049 - week 4\debug\texture.obj
c:\users\bon-itx\desktop\fit2096 - assignment 1\fit2049 - week 4\debug\texturedshader.obj
c:\users\bon-itx\desktop\fit2096 - assignment 1\fit2049 - week 4\debug\texturemanager.obj
c:\users\bon-itx\desktop\fit2096 - assignment 1\fit2049 - week 4\debug\window.obj
c:\users\bon-itx\desktop\fit2096 - assignment 1 - copy\fit2049 - week 4\debug\vc140.pdb
c:\users\bon-itx\desktop\fit2096 - assignment 1 - copy\fit2049 - week 4\debug\vc140.idb
c:\users\bon-itx\desktop\fit2096 - assignment 1 - copy\fit2049 - week 4\debug\camera.obj
c:\users\bon-itx\desktop\fit2096 - assignment 1 - copy\fit2049 - week 4\debug\direct3d.obj
c:\users\bon-itx\desktop\fit2096 - assignment 1 - copy\fit2049 - week 4\debug\game.obj
c:\users\bon-itx\desktop\fit2096 - assignment 1 - copy\fit2049 - week 4\debug\gameobject.obj
c:\users\bon-itx\desktop\fit2096 - assignment 1 - copy\fit2049 - week 4\debug\inputcontroller.obj
c:\users\bon-itx\desktop\fit2096 - assignment 1 - copy\fit2049 - week 4\debug\main.obj
c:\users\bon-itx\desktop\fit2096 - assignment 1 - copy\fit2049 - week 4\debug\mesh.obj
c:\users\bon-itx\desktop\fit2096 - assignment 1 - copy\fit2049 - week 4\debug\meshmanager.obj
c:\users\bon-itx\desktop\fit2096 - assignment 1 - copy\fit2049 - week 4\debug\shader.obj
c:\users\bon-itx\desktop\fit2096 - assignment 1 - copy\fit2049 - week 4\debug\texture.obj
c:\users\bon-itx\desktop\fit2096 - assignment 1 - copy\fit2049 - week 4\debug\texturedshader.obj
c:\users\bon-itx\desktop\fit2096 - assignment 1 - copy\fit2049 - week 4\debug\texturemanager.obj
c:\users\bon-itx\desktop\fit2096 - assignment 1 - copy\fit2049 - week 4\debug\window.obj
y:\fit2096 - assignment 1\debug\fit2096 - assignment 1.ilk
y:\fit2096 - assignment 1\debug\fit2096 - assignment 1.pdb
c:\users\bon-itx\desktop\fit2096 - assignment 1\debug\fit2096 - assignment 1.ilk
c:\users\bon-itx\desktop\fit2096 - assignment 1\debug\fit2096 - assignment 1.exe
c:\users\bon-itx\desktop\fit2096 - assignment 1\debug\fit2096 - assignment 1.pdb
c:\users\bon-itx\desktop\fit2096 - assignment 1 - copy\debug\fit2096 - assignment 1.ilk
c:\users\bon-itx\desktop\fit2096 - assignment 1 - copy\debug\fit2096 - assignment 1.exe
c:\users\bon-itx\desktop\fit2096 - assignment 1 - copy\debug\fit2096 - assignment 1.pdb
c:\users\bon-itx\desktop\fit2096 - assignment 1 - copy\fit2049 - week 4\debug\fit2096 .2e0bca67.tlog\cl.command.1.tlog
c:\users\bon-itx\desktop\fit2096 - assignment 1 - copy\fit2049 - week 4\debug\fit2096 .2e0bca67.tlog\cl.read.1.tlog
c:\users\bon-itx\desktop\fit2096 - assignment 1 - copy\fit2049 - week 4\debug\fit2096 .2e0bca67.tlog\cl.write.1.tlog
c:\users\bon-itx\desktop\fit2096 - assignment 1 - copy\fit2049 - week 4\debug\fit2096 .2e0bca67.tlog\link.command.1.tlog
c:\users\bon-itx\desktop\fit2096 - assignment 1 - copy\fit2049 - week 4\debug\fit2096 .2e0bca67.tlog\link.read.1.tlog
c:\users\bon-itx\desktop\fit2096 - assignment 1 - copy\fit2049 - week 4\debug\fit2096 .2e0bca67.tlog\link.write.1.tlog
=======
y:\fit2096 - assignment 1\fit2049 - week 4\debug\vc140.pdb
y:\fit2096 - assignment 1\fit2049 - week 4\debug\vc140.idb
y:\fit2096 - assignment 1\fit2049 - week 4\debug\camera.nativecodeanalysis.xml
y:\fit2096 - assignment 1\fit2049 - week 4\debug\direct3d.nativecodeanalysis.xml
y:\fit2096 - assignment 1\fit2049 - week 4\debug\game.nativecodeanalysis.xml
y:\fit2096 - assignment 1\fit2049 - week 4\debug\gameobject.nativecodeanalysis.xml
y:\fit2096 - assignment 1\fit2049 - week 4\debug\inputcontroller.nativecodeanalysis.xml
y:\fit2096 - assignment 1\fit2049 - week 4\debug\main.nativecodeanalysis.xml
y:\fit2096 - assignment 1\fit2049 - week 4\debug\mesh.nativecodeanalysis.xml
y:\fit2096 - assignment 1\fit2049 - week 4\debug\meshmanager.nativecodeanalysis.xml
y:\fit2096 - assignment 1\fit2049 - week 4\debug\shader.nativecodeanalysis.xml
y:\fit2096 - assignment 1\fit2049 - week 4\debug\texture.nativecodeanalysis.xml
y:\fit2096 - assignment 1\fit2049 - week 4\debug\texturedshader.nativecodeanalysis.xml
y:\fit2096 - assignment 1\fit2049 - week 4\debug\texturemanager.nativecodeanalysis.xml
y:\fit2096 - assignment 1\fit2049 - week 4\debug\window.nativecodeanalysis.xml
y:\fit2096 - assignment 1\fit2049 - week 4\debug\window.obj
y:\fit2096 - assignment 1\fit2049 - week 4\debug\texturemanager.obj
y:\fit2096 - assignment 1\fit2049 - week 4\debug\texturedshader.obj
y:\fit2096 - assignment 1\fit2049 - week 4\debug\texture.obj
y:\fit2096 - assignment 1\fit2049 - week 4\debug\shader.obj
y:\fit2096 - assignment 1\fit2049 - week 4\debug\meshmanager.obj
y:\fit2096 - assignment 1\fit2049 - week 4\debug\mesh.obj
y:\fit2096 - assignment 1\fit2049 - week 4\debug\main.obj
y:\fit2096 - assignment 1\fit2049 - week 4\debug\inputcontroller.obj
y:\fit2096 - assignment 1\fit2049 - week 4\debug\gameobject.obj
y:\fit2096 - assignment 1\fit2049 - week 4\debug\game.obj
y:\fit2096 - assignment 1\fit2049 - week 4\debug\direct3d.obj
y:\fit2096 - assignment 1\fit2049 - week 4\debug\camera.obj
y:\fit2096 - assignment 1\debug\fit2096 - assignment 1.pdb
y:\fit2096 - assignment 1\fit2049 - week 4\debug\game.obj.enc
y:\fit2096 - assignment 1\fit2049 - week 4\debug\gameobject.obj.enc
y:\fit2096 - assignment 1\fit2049 - week 4\debug\window.obj.enc
y:\fit2096 - assignment 1\fit2049 - week 4\debug\nativecodeanalysis.read.1.tlog
y:\fit2096 - assignment 1\fit2049 - week 4\debug\vc.nativecodeanalysis.all.xml
y:\fit2096 - assignment 1\debug\fit2096 - assignment 1.exe
y:\fit2096 - assignment 1\debug\fit2096 - assignment 1.ilk
y:\fit2096 - assignment 1\debug\fit2096 - assignment 1.exe.lastcodeanalysissucceeded
y:\fit2096 - assignment 1\fit2049 - week 4\debug\fit2096 .2e0bca67.tlog\cl.read.1.tlog
y:\fit2096 - assignment 1\fit2049 - week 4\debug\fit2096 .2e0bca67.tlog\cl.write.1.tlog
y:\fit2096 - assignment 1\fit2049 - week 4\debug\fit2096 .2e0bca67.tlog\cl.command.1.tlog
y:\fit2096 - assignment 1\fit2049 - week 4\debug\fit2096 .2e0bca67.tlog\link.command.1.tlog
y:\fit2096 - assignment 1\fit2049 - week 4\debug\fit2096 .2e0bca67.tlog\link.read.2.tlog
y:\fit2096 - assignment 1\fit2049 - week 4\debug\fit2096 .2e0bca67.tlog\link.write.1.tlog
>>>>>>> master
